<?xml version="1.0" encoding="UTF-8"?>
<!-- Generated by org.testng.reporters.JUnitReportReporter -->
<testsuite hostname="Riddhis-MacBook-Air.local" failures="0" tests="5" name="selenium.Testing1" time="0.005" errors="0" timestamp="31 May 2022 02:15:54 GMT" skipped="0">
  <testcase classname="selenium.Testing1" name="test1" time="0.001"/>
  <testcase classname="selenium.Testing1" name="f" time="0.001"/>
  <testcase classname="selenium.Testing1" name="f" time="0.003"/>
  <testcase classname="selenium.Testing1" name="test1" time="0.000"/>
  <testcase classname="selenium.Testing1" name="test2" time="0.000"/>
</testsuite> <!-- selenium.Testing1 -->
